<?xml version="1.0" encoding="UTF-8"?>
<testsuite xmlns:xsi="http://www.w3.org/2001/XMLSchema-instance" xsi:noNamespaceSchemaLocation="https://maven.apache.org/surefire/maven-surefire-plugin/xsd/surefire-test-report-3.0.xsd" version="3.0" name="GraphTest" time="2.17" tests="2" errors="0" skipped="0" failures="0">
  <properties>
[...]
</properties>
  <testcase name="testShortestPath" classname="GraphTest" time="1.515">
    <system-out><![CDATA[Reading data...
Reading titles
Finished reading data
]]></system-out>
  </testcase>
  <testcase name="testConnectedPerformers" classname="GraphTest" time="0.646">
    <system-out><![CDATA[Reading data...
Reading titles
Finished reading data
]]></system-out>
  </testcase>
</testsuite>