<?xml version="1.0" encoding="UTF-8"?>
<testsuite xmlns:xsi="http://www.w3.org/2001/XMLSchema-instance" xsi:noNamespaceSchemaLocation="https://maven.apache.org/surefire/maven-surefire-plugin/xsd/surefire-test-report-3.0.xsd" version="3.0" name="HashTest" time="0.118" tests="4" errors="0" skipped="0" failures="0">
  <properties>
[...]
</properties>
  <testcase name="noRehashingNeeded" classname="HashTest" time="0.033"/>
  <testcase name="testGeneralFunctionality" classname="HashTest" time="0.0"/>
  <testcase name="oneTableNoRehashingNeeded" classname="HashTest" time="0.005"/>
  <testcase name="rehashingLikely" classname="HashTest" time="0.056"/>
</testsuite>