<?xml version="1.0" encoding="UTF-8"?>
<testsuite xmlns:xsi="http://www.w3.org/2001/XMLSchema-instance" xsi:noNamespaceSchemaLocation="https://maven.apache.org/surefire/maven-surefire-plugin/xsd/surefire-test-report-3.0.xsd" version="3.0" name="WordCounterTest" time="0.033" tests="4" errors="0" skipped="0" failures="0">
  <properties>
[...]
</properties>
  <testcase name="testText" classname="WordCounterTest" time="0.01"/>
  <testcase name="testContainsPositive" classname="WordCounterTest" time="0.0"/>
  <testcase name="testIncrementAndGet" classname="WordCounterTest" time="0.0"/>
  <testcase name="testContainsNegative" classname="WordCounterTest" time="0.001">
    <system-out><![CDATA[incremented chess
]]></system-out>
  </testcase>
</testsuite>